2019-09-20 20:57:38 [a_mysprider.spiders.itcast] WARNING: {'title': '高级讲师', 'name': '朱老师'}
2019-09-20 20:57:38 [a_mysprider.spiders.itcast] WARNING: --------------------
2019-09-20 20:57:38 [a_mysprider.spiders.itcast] WARNING: {'title': '高级讲师', 'name': '刘老师'}
2019-09-20 20:57:38 [a_mysprider.spiders.itcast] WARNING: --------------------
2019-09-20 20:57:38 [a_mysprider.spiders.itcast] WARNING: {'title': '高级讲师', 'name': '刘老师'}
2019-09-20 20:57:38 [a_mysprider.spiders.itcast] WARNING: --------------------
2019-09-20 20:57:38 [a_mysprider.spiders.itcast] WARNING: {'title': '高级讲师', 'name': '王老师'}
2019-09-20 20:57:38 [a_mysprider.spiders.itcast] WARNING: --------------------
2019-09-20 20:57:38 [a_mysprider.spiders.itcast] WARNING: {'title': '高级讲师', 'name': '杜老师'}
2019-09-20 20:57:38 [a_mysprider.spiders.itcast] WARNING: --------------------
2019-09-20 20:57:38 [a_mysprider.spiders.itcast] WARNING: {'title': '高级讲师', 'name': '苏老师'}
2019-09-20 20:57:38 [a_mysprider.spiders.itcast] WARNING: --------------------
2019-09-20 20:57:38 [a_mysprider.spiders.itcast] WARNING: {'title': '高级讲师', 'name': '刘老师'}
2019-09-20 20:57:38 [a_mysprider.spiders.itcast] WARNING: --------------------
2019-09-20 20:57:38 [a_mysprider.spiders.itcast] WARNING: {'title': '高级讲师', 'name': '张老师'}
2019-09-20 20:57:38 [a_mysprider.spiders.itcast] WARNING: --------------------
2019-09-20 20:57:38 [a_mysprider.spiders.itcast] WARNING: {'title': '高级讲师', 'name': '王老师'}
2019-09-20 20:57:38 [a_mysprider.spiders.itcast] WARNING: --------------------
2019-09-20 20:57:38 [a_mysprider.spiders.itcast] WARNING: {'title': '高级讲师', 'name': '韩老师'}
2019-09-20 20:57:38 [a_mysprider.spiders.itcast] WARNING: --------------------
2019-09-20 20:57:38 [a_mysprider.spiders.itcast] WARNING: {'title': '高级讲师', 'name': ' 邓老师'}
2019-09-20 20:57:38 [a_mysprider.spiders.itcast] WARNING: --------------------
2019-09-20 20:57:38 [a_mysprider.spiders.itcast] WARNING: {'title': '高级讲师', 'name': ' 梁老师'}
2019-09-20 20:57:38 [a_mysprider.spiders.itcast] WARNING: --------------------
2019-09-20 20:57:38 [a_mysprider.spiders.itcast] WARNING: {'title': '高级讲师', 'name': '吴老师'}
2019-09-20 20:57:38 [a_mysprider.spiders.itcast] WARNING: --------------------
2019-09-20 20:57:38 [a_mysprider.spiders.itcast] WARNING: {'title': '高级讲师', 'name': '吴老师'}
2019-09-20 20:57:38 [a_mysprider.spiders.itcast] WARNING: --------------------
2019-09-20 20:57:38 [a_mysprider.spiders.itcast] WARNING: {'title': '高级讲师', 'name': '赵老师'}
2019-09-20 20:57:38 [a_mysprider.spiders.itcast] WARNING: --------------------
2019-09-20 20:57:38 [a_mysprider.spiders.itcast] WARNING: {'title': '高级讲师', 'name': '曹老师'}
2019-09-20 20:57:38 [a_mysprider.spiders.itcast] WARNING: --------------------
2019-09-20 20:57:38 [a_mysprider.spiders.itcast] WARNING: {'title': '高级讲师', 'name': '闻老师'}
2019-09-20 20:57:38 [a_mysprider.spiders.itcast] WARNING: --------------------
2019-09-20 20:57:38 [a_mysprider.spiders.itcast] WARNING: {'title': '高级讲师', 'name': '许老师'}
2019-09-20 20:57:38 [a_mysprider.spiders.itcast] WARNING: --------------------
2019-09-20 20:57:38 [a_mysprider.spiders.itcast] WARNING: {'title': '高级讲师', 'name': '赵老师'}
2019-09-20 20:57:38 [a_mysprider.spiders.itcast] WARNING: --------------------
2019-09-20 20:57:38 [a_mysprider.spiders.itcast] WARNING: {'title': '高级讲师', 'name': ' 刘老师'}
2019-09-20 20:57:38 [a_mysprider.spiders.itcast] WARNING: --------------------
2019-09-20 20:57:38 [a_mysprider.spiders.itcast] WARNING: {'title': '高级讲师', 'name': '张老师'}
2019-09-20 20:57:38 [a_mysprider.spiders.itcast] WARNING: --------------------
2019-09-20 20:57:38 [a_mysprider.spiders.itcast] WARNING: {'title': '高级讲师', 'name': '赵老师'}
2019-09-20 20:57:38 [a_mysprider.spiders.itcast] WARNING: --------------------
2019-09-20 20:57:38 [a_mysprider.spiders.itcast] WARNING: {'title': '高级讲师', 'name': '孟老师'}
2019-09-20 20:57:38 [a_mysprider.spiders.itcast] WARNING: --------------------
2019-09-20 20:57:38 [a_mysprider.spiders.itcast] WARNING: {'title': '高级讲师', 'name': '毛老师'}
2019-09-20 20:57:38 [a_mysprider.spiders.itcast] WARNING: --------------------
2019-09-20 20:57:38 [a_mysprider.spiders.itcast] WARNING: {'title': '高级讲师', 'name': '张老师'}
2019-09-20 20:57:38 [a_mysprider.spiders.itcast] WARNING: --------------------
2019-09-20 20:57:38 [a_mysprider.spiders.itcast] WARNING: {'title': '高级讲师', 'name': '崔老师'}
2019-09-20 20:57:38 [a_mysprider.spiders.itcast] WARNING: --------------------
2019-09-20 20:57:38 [a_mysprider.spiders.itcast] WARNING: {'title': '高级讲师', 'name': '汤老师'}
2019-09-20 20:57:38 [a_mysprider.spiders.itcast] WARNING: --------------------
2019-09-20 20:57:38 [a_mysprider.spiders.itcast] WARNING: {'title': '高级讲师', 'name': '赵老师'}
2019-09-20 20:57:38 [a_mysprider.spiders.itcast] WARNING: --------------------
2019-09-20 20:57:38 [a_mysprider.spiders.itcast] WARNING: {'title': '高级讲师', 'name': '娄老师'}
2019-09-20 20:57:38 [a_mysprider.spiders.itcast] WARNING: --------------------
2019-09-20 20:57:38 [a_mysprider.spiders.itcast] WARNING: {'title': '高级讲师', 'name': '李老师'}
2019-09-20 20:57:38 [a_mysprider.spiders.itcast] WARNING: --------------------
2019-09-20 20:57:38 [a_mysprider.spiders.itcast] WARNING: {'title': '高级讲师', 'name': '刘老师'}
2019-09-20 20:57:38 [a_mysprider.spiders.itcast] WARNING: --------------------
2019-09-20 20:57:38 [a_mysprider.spiders.itcast] WARNING: {'title': '高级讲师', 'name': '钟老师'}
2019-09-20 20:57:38 [a_mysprider.spiders.itcast] WARNING: --------------------
2019-09-20 20:57:38 [a_mysprider.spiders.itcast] WARNING: {'title': '高级讲师', 'name': '刘老师'}
2019-09-20 20:57:38 [a_mysprider.spiders.itcast] WARNING: --------------------
2019-09-20 20:57:38 [a_mysprider.spiders.itcast] WARNING: {'title': '高级讲师', 'name': '梁老师'}
2019-09-20 20:57:38 [a_mysprider.spiders.itcast] WARNING: --------------------
2019-09-20 20:57:38 [a_mysprider.spiders.itcast] WARNING: {'title': '高级讲师', 'name': '张老师'}
2019-09-20 20:57:38 [a_mysprider.spiders.itcast] WARNING: --------------------
2019-09-20 20:57:38 [a_mysprider.spiders.itcast] WARNING: {'title': '高级讲师', 'name': '赵老师'}
2019-09-20 20:57:38 [a_mysprider.spiders.itcast] WARNING: --------------------
2019-09-20 20:57:38 [a_mysprider.spiders.itcast] WARNING: {'title': '高级讲师', 'name': '徐老师'}
2019-09-20 20:57:38 [a_mysprider.spiders.itcast] WARNING: --------------------
2019-09-20 20:57:38 [a_mysprider.spiders.itcast] WARNING: {'title': '高级讲师', 'name': '杜老师'}
2019-09-20 20:57:38 [a_mysprider.spiders.itcast] WARNING: --------------------
2019-09-20 20:57:38 [a_mysprider.spiders.itcast] WARNING: {'title': '高级讲师', 'name': '饶老师'}
2019-09-20 20:57:38 [a_mysprider.spiders.itcast] WARNING: --------------------
2019-09-20 20:57:38 [a_mysprider.spiders.itcast] WARNING: {'title': '高级讲师', 'name': '关老师'}
2019-09-20 20:57:38 [a_mysprider.spiders.itcast] WARNING: --------------------
2019-09-20 20:57:38 [a_mysprider.spiders.itcast] WARNING: {'title': '高级讲师', 'name': '石老师'}
2019-09-20 20:57:38 [a_mysprider.spiders.itcast] WARNING: --------------------
2019-09-20 20:57:38 [a_mysprider.spiders.itcast] WARNING: {'title': '高级讲师', 'name': '张老师'}
2019-09-20 20:57:38 [a_mysprider.spiders.itcast] WARNING: --------------------
2019-09-20 20:57:38 [a_mysprider.spiders.itcast] WARNING: {'title': '高级讲师', 'name': '姜老师'}
2019-09-20 20:57:38 [a_mysprider.spiders.itcast] WARNING: --------------------
2019-09-20 20:57:38 [a_mysprider.spiders.itcast] WARNING: {'title': '高级讲师', 'name': '杨老师'}
2019-09-20 20:57:38 [a_mysprider.spiders.itcast] WARNING: --------------------
2019-09-20 20:57:38 [a_mysprider.spiders.itcast] WARNING: {'title': '高级讲师', 'name': '栾老师'}
2019-09-20 20:57:38 [a_mysprider.spiders.itcast] WARNING: --------------------
2019-09-20 20:57:38 [a_mysprider.spiders.itcast] WARNING: {'title': '高级讲师', 'name': '谈老师'}
2019-09-20 20:57:38 [a_mysprider.spiders.itcast] WARNING: --------------------
2019-09-20 20:57:38 [a_mysprider.spiders.itcast] WARNING: {'title': '高级讲师', 'name': '肖老师'}
2019-09-20 20:57:38 [a_mysprider.spiders.itcast] WARNING: --------------------
2019-09-20 20:57:38 [a_mysprider.spiders.itcast] WARNING: {'title': '高级讲师', 'name': '袁老师'}
2019-09-20 20:57:38 [a_mysprider.spiders.itcast] WARNING: --------------------
2019-09-20 20:57:38 [a_mysprider.spiders.itcast] WARNING: {'title': '高级讲师', 'name': '刘老师'}
2019-09-20 20:57:38 [a_mysprider.spiders.itcast] WARNING: --------------------
2019-09-20 20:57:38 [a_mysprider.spiders.itcast] WARNING: {'title': '高级讲师', 'name': '唐老师'}
2019-09-20 20:57:38 [a_mysprider.spiders.itcast] WARNING: --------------------
2019-09-20 20:57:38 [a_mysprider.spiders.itcast] WARNING: {'title': '高级讲师', 'name': '苗老师'}
2019-09-20 20:57:38 [a_mysprider.spiders.itcast] WARNING: --------------------
2019-09-20 20:57:38 [a_mysprider.spiders.itcast] WARNING: {'title': '高级讲师', 'name': '王老师'}
2019-09-20 20:57:38 [a_mysprider.spiders.itcast] WARNING: --------------------
2019-09-20 20:57:38 [a_mysprider.spiders.itcast] WARNING: {'title': '高级讲师', 'name': '徐老师'}
2019-09-20 20:57:38 [a_mysprider.spiders.itcast] WARNING: --------------------
2019-09-20 20:57:38 [a_mysprider.spiders.itcast] WARNING: {'title': '高级讲师', 'name': '杨老师'}
2019-09-20 20:57:38 [a_mysprider.spiders.itcast] WARNING: --------------------
2019-09-20 20:57:38 [a_mysprider.spiders.itcast] WARNING: {'title': '高级讲师', 'name': '谭老师'}
2019-09-20 20:57:38 [a_mysprider.spiders.itcast] WARNING: --------------------
2019-09-20 20:57:38 [a_mysprider.spiders.itcast] WARNING: {'title': '高级讲师', 'name': '方老师'}
2019-09-20 20:57:38 [a_mysprider.spiders.itcast] WARNING: --------------------
2019-09-20 20:57:38 [a_mysprider.spiders.itcast] WARNING: {'title': '高级讲师', 'name': '李老师'}
2019-09-20 20:57:38 [a_mysprider.spiders.itcast] WARNING: --------------------
2019-09-20 20:57:38 [a_mysprider.spiders.itcast] WARNING: {'title': '高级讲师', 'name': '廖老师'}
2019-09-20 20:57:38 [a_mysprider.spiders.itcast] WARNING: --------------------
2019-09-20 20:57:38 [a_mysprider.spiders.itcast] WARNING: {'title': '高级讲师', 'name': '詹老师'}
2019-09-20 20:57:38 [a_mysprider.spiders.itcast] WARNING: --------------------
2019-09-20 20:57:38 [a_mysprider.spiders.itcast] WARNING: {'title': '高级讲师', 'name': '时老师'}
2019-09-20 20:57:38 [a_mysprider.spiders.itcast] WARNING: --------------------
2019-09-20 20:57:38 [a_mysprider.spiders.itcast] WARNING: {'title': '高级讲师', 'name': '张老师'}
2019-09-20 20:57:38 [a_mysprider.spiders.itcast] WARNING: --------------------
2019-09-20 20:57:38 [a_mysprider.spiders.itcast] WARNING: {'title': '高级讲师', 'name': '于老师'}
2019-09-20 20:57:38 [a_mysprider.spiders.itcast] WARNING: --------------------
2019-09-20 20:57:38 [a_mysprider.spiders.itcast] WARNING: {'title': '高级讲师', 'name': '王老师'}
2019-09-20 20:57:38 [a_mysprider.spiders.itcast] WARNING: --------------------
2019-09-20 20:57:38 [a_mysprider.spiders.itcast] WARNING: {'title': '高级讲师', 'name': '陈老师'}
2019-09-20 20:57:38 [a_mysprider.spiders.itcast] WARNING: --------------------
2019-09-20 20:57:38 [a_mysprider.spiders.itcast] WARNING: {'title': '高级讲师', 'name': '惠老师'}
2019-09-20 20:57:38 [a_mysprider.spiders.itcast] WARNING: --------------------
2019-09-20 20:57:38 [a_mysprider.spiders.itcast] WARNING: {'title': '高级讲师', 'name': '马老师'}
2019-09-20 20:57:38 [a_mysprider.spiders.itcast] WARNING: --------------------
2019-09-20 20:57:38 [a_mysprider.spiders.itcast] WARNING: {'title': '高级讲师', 'name': '康老师'}
2019-09-20 20:57:38 [a_mysprider.spiders.itcast] WARNING: --------------------
2019-09-20 20:57:38 [a_mysprider.spiders.itcast] WARNING: {'title': '高级讲师', 'name': '刘老师'}
2019-09-20 20:57:38 [a_mysprider.spiders.itcast] WARNING: --------------------
2019-09-20 20:57:38 [a_mysprider.spiders.itcast] WARNING: {'title': '高级讲师', 'name': '张老师'}
2019-09-20 20:57:38 [a_mysprider.spiders.itcast] WARNING: --------------------
2019-09-20 20:57:38 [a_mysprider.spiders.itcast] WARNING: {'title': '高级讲师', 'name': '杨老师'}
2019-09-20 20:57:38 [a_mysprider.spiders.itcast] WARNING: --------------------
2019-09-20 20:57:38 [a_mysprider.spiders.itcast] WARNING: {'title': '高级讲师', 'name': '石老师'}
2019-09-20 20:57:38 [a_mysprider.spiders.itcast] WARNING: --------------------
2019-09-20 20:57:38 [a_mysprider.spiders.itcast] WARNING: {'title': '高级讲师', 'name': '许老师'}
2019-09-20 20:57:38 [a_mysprider.spiders.itcast] WARNING: --------------------
2019-09-20 20:57:38 [a_mysprider.spiders.itcast] WARNING: {'title': '高级讲师', 'name': '郭老师'}
2019-09-20 20:57:38 [a_mysprider.spiders.itcast] WARNING: --------------------
2019-09-20 20:57:38 [a_mysprider.spiders.itcast] WARNING: {'title': '高级讲师', 'name': '郝老师'}
2019-09-20 20:57:38 [a_mysprider.spiders.itcast] WARNING: --------------------
2019-09-20 20:57:38 [a_mysprider.spiders.itcast] WARNING: {'title': '高级讲师', 'name': '安老师'}
2019-09-20 20:57:38 [a_mysprider.spiders.itcast] WARNING: --------------------
2019-09-20 20:57:38 [a_mysprider.spiders.itcast] WARNING: {'title': '高级讲师', 'name': '刘老师'}
2019-09-20 20:57:38 [a_mysprider.spiders.itcast] WARNING: --------------------
2019-09-20 20:57:38 [a_mysprider.spiders.itcast] WARNING: {'title': '高级讲师', 'name': '朱老师\t'}
2019-09-20 20:57:38 [a_mysprider.spiders.itcast] WARNING: --------------------
2019-09-20 20:57:38 [a_mysprider.spiders.itcast] WARNING: {'title': '高级讲师', 'name': '胡老师'}
2019-09-20 20:57:38 [a_mysprider.spiders.itcast] WARNING: --------------------
2019-09-20 20:57:38 [a_mysprider.spiders.itcast] WARNING: {'title': '高级讲师', 'name': '李老师'}
2019-09-20 20:57:38 [a_mysprider.spiders.itcast] WARNING: --------------------
2019-09-20 20:57:38 [a_mysprider.spiders.itcast] WARNING: {'title': '高级讲师', 'name': '李老师'}
2019-09-20 20:57:38 [a_mysprider.spiders.itcast] WARNING: --------------------
2019-09-20 20:57:38 [a_mysprider.spiders.itcast] WARNING: {'title': '高级讲师', 'name': '张老师'}
2019-09-20 20:57:38 [a_mysprider.spiders.itcast] WARNING: --------------------
2019-09-20 20:57:38 [a_mysprider.spiders.itcast] WARNING: {'title': '高级讲师', 'name': '田老师'}
2019-09-20 20:57:38 [a_mysprider.spiders.itcast] WARNING: --------------------
2019-09-20 20:57:38 [a_mysprider.spiders.itcast] WARNING: {'title': '高级讲师', 'name': '殷老师'}
2019-09-20 20:57:38 [a_mysprider.spiders.itcast] WARNING: --------------------
2019-09-20 20:57:38 [a_mysprider.spiders.itcast] WARNING: {'title': '高级讲师', 'name': '潘老师'}
2019-09-20 20:57:38 [a_mysprider.spiders.itcast] WARNING: --------------------
2019-09-20 20:57:38 [a_mysprider.spiders.itcast] WARNING: {'title': '高级讲师', 'name': '李老师'}
2019-09-20 20:57:38 [a_mysprider.spiders.itcast] WARNING: --------------------
2019-09-20 20:57:38 [a_mysprider.spiders.itcast] WARNING: {'title': '高级讲师', 'name': '彭老师'}
2019-09-20 20:57:38 [a_mysprider.spiders.itcast] WARNING: --------------------
2019-09-20 20:57:38 [a_mysprider.spiders.itcast] WARNING: {'title': '高级讲师', 'name': '叶老师'}
2019-09-20 20:57:38 [a_mysprider.spiders.itcast] WARNING: --------------------
2019-09-20 20:57:38 [a_mysprider.spiders.itcast] WARNING: {'title': '高级讲师', 'name': '杨老师'}
2019-09-20 20:57:38 [a_mysprider.spiders.itcast] WARNING: --------------------
2019-09-20 20:57:38 [a_mysprider.spiders.itcast] WARNING: {'title': '高级讲师', 'name': '王老师'}
2019-09-20 20:57:38 [a_mysprider.spiders.itcast] WARNING: --------------------
2019-09-20 20:57:38 [a_mysprider.spiders.itcast] WARNING: {'title': '高级讲师', 'name': '白老师'}
2019-09-20 20:57:38 [a_mysprider.spiders.itcast] WARNING: --------------------
2019-09-20 20:57:38 [a_mysprider.spiders.itcast] WARNING: {'title': '高级讲师', 'name': '蔡老师'}
2019-09-20 20:57:38 [a_mysprider.spiders.itcast] WARNING: --------------------
2019-09-20 20:57:38 [a_mysprider.spiders.itcast] WARNING: {'title': '高级讲师', 'name': '陈老师'}
2019-09-20 20:57:38 [a_mysprider.spiders.itcast] WARNING: --------------------
2019-09-20 20:57:38 [a_mysprider.spiders.itcast] WARNING: {'title': '高级讲师', 'name': '陈老师'}
2019-09-20 20:57:38 [a_mysprider.spiders.itcast] WARNING: --------------------
2019-09-20 20:57:38 [a_mysprider.spiders.itcast] WARNING: {'title': '高级讲师', 'name': '陈老师'}
2019-09-20 20:57:38 [a_mysprider.spiders.itcast] WARNING: --------------------
2019-09-20 20:57:38 [a_mysprider.spiders.itcast] WARNING: {'title': '高级讲师', 'name': '冯老师'}
2019-09-20 20:57:38 [a_mysprider.spiders.itcast] WARNING: --------------------
2019-09-20 20:57:38 [a_mysprider.spiders.itcast] WARNING: {'title': '高级讲师', 'name': '谷老师'}
2019-09-20 20:57:38 [a_mysprider.spiders.itcast] WARNING: --------------------
2019-09-20 20:57:38 [a_mysprider.spiders.itcast] WARNING: {'title': '高级讲师', 'name': '江老师'}
2019-09-20 20:57:38 [a_mysprider.spiders.itcast] WARNING: --------------------
2019-09-20 20:57:38 [a_mysprider.spiders.itcast] WARNING: {'title': '高级讲师', 'name': '刘老师'}
2019-09-20 20:57:38 [a_mysprider.spiders.itcast] WARNING: --------------------
2019-09-20 20:57:38 [a_mysprider.spiders.itcast] WARNING: {'title': '高级讲师', 'name': '柳老师'}
2019-09-20 20:57:38 [a_mysprider.spiders.itcast] WARNING: --------------------
2019-09-20 20:57:38 [a_mysprider.spiders.itcast] WARNING: {'title': '高级讲师', 'name': '卢老师'}
2019-09-20 20:57:38 [a_mysprider.spiders.itcast] WARNING: --------------------
2019-09-20 20:57:38 [a_mysprider.spiders.itcast] WARNING: {'title': '高级讲师', 'name': '陆老师'}
2019-09-20 20:57:38 [a_mysprider.spiders.itcast] WARNING: --------------------
2019-09-20 20:57:38 [a_mysprider.spiders.itcast] WARNING: {'title': '高级讲师', 'name': '王老师'}
2019-09-20 20:57:38 [a_mysprider.spiders.itcast] WARNING: --------------------
2019-09-20 20:57:38 [a_mysprider.spiders.itcast] WARNING: {'title': '高级讲师', 'name': '王老师'}
2019-09-20 20:57:38 [a_mysprider.spiders.itcast] WARNING: --------------------
2019-09-20 20:57:38 [a_mysprider.spiders.itcast] WARNING: {'title': '高级讲师', 'name': '王老师'}
2019-09-20 20:57:38 [a_mysprider.spiders.itcast] WARNING: --------------------
2019-09-20 20:57:38 [a_mysprider.spiders.itcast] WARNING: {'title': '高级讲师', 'name': '王老师'}
2019-09-20 20:57:38 [a_mysprider.spiders.itcast] WARNING: --------------------
2019-09-20 20:57:38 [a_mysprider.spiders.itcast] WARNING: {'title': '高级讲师', 'name': '夏老师'}
2019-09-20 20:57:38 [a_mysprider.spiders.itcast] WARNING: --------------------
2019-09-20 20:57:38 [a_mysprider.spiders.itcast] WARNING: {'title': '高级讲师', 'name': '张老师'}
2019-09-20 20:57:38 [a_mysprider.spiders.itcast] WARNING: --------------------
2019-09-20 20:57:38 [a_mysprider.spiders.itcast] WARNING: {'title': '高级讲师', 'name': '周老师'}
2019-09-20 20:57:38 [a_mysprider.spiders.itcast] WARNING: --------------------
2019-09-20 20:57:38 [a_mysprider.spiders.itcast] WARNING: {'title': '高级讲师', 'name': '朱老师'}
2019-09-20 20:57:38 [a_mysprider.spiders.itcast] WARNING: --------------------
2019-09-20 20:57:38 [a_mysprider.spiders.itcast] WARNING: {'title': '高级讲师', 'name': '陈老师'}
2019-09-20 20:57:38 [a_mysprider.spiders.itcast] WARNING: --------------------
2019-09-20 20:57:38 [a_mysprider.spiders.itcast] WARNING: {'title': '高级讲师', 'name': '廖老师'}
2019-09-20 20:57:38 [a_mysprider.spiders.itcast] WARNING: --------------------
2019-09-20 20:57:38 [a_mysprider.spiders.itcast] WARNING: {'title': '高级讲师', 'name': '潘老师'}
2019-09-20 20:57:38 [a_mysprider.spiders.itcast] WARNING: --------------------
2019-09-20 20:57:38 [a_mysprider.spiders.itcast] WARNING: {'title': '高级讲师', 'name': '宋老师'}
2019-09-20 20:57:38 [a_mysprider.spiders.itcast] WARNING: --------------------
2019-09-20 20:57:38 [a_mysprider.spiders.itcast] WARNING: {'title': '高级讲师', 'name': '徐老师'}
2019-09-20 20:57:38 [a_mysprider.spiders.itcast] WARNING: --------------------
2019-09-20 20:57:38 [a_mysprider.spiders.itcast] WARNING: {'title': '高级讲师', 'name': '袁老师'}
2019-09-20 20:57:38 [a_mysprider.spiders.itcast] WARNING: --------------------
2019-09-20 20:57:38 [a_mysprider.spiders.itcast] WARNING: {'title': '高级讲师', 'name': '钟老师'}
2019-09-20 20:57:38 [a_mysprider.spiders.itcast] WARNING: --------------------
2019-09-20 20:57:38 [a_mysprider.spiders.itcast] WARNING: {'title': '高级讲师', 'name': '辛老师'}
2019-09-20 20:57:38 [a_mysprider.spiders.itcast] WARNING: --------------------
2019-09-20 20:57:38 [a_mysprider.spiders.itcast] WARNING: {'title': '高级讲师', 'name': '刘老师'}
2019-09-20 20:57:38 [a_mysprider.spiders.itcast] WARNING: --------------------
2019-09-20 20:57:38 [a_mysprider.spiders.itcast] WARNING: {'title': '高级讲师', 'name': '刘老师'}
2019-09-20 20:57:38 [a_mysprider.spiders.itcast] WARNING: --------------------
2019-09-20 20:57:38 [a_mysprider.spiders.itcast] WARNING: {'title': '高级讲师', 'name': '刘老师'}
2019-09-20 20:57:38 [a_mysprider.spiders.itcast] WARNING: --------------------
2019-09-20 20:57:38 [a_mysprider.spiders.itcast] WARNING: {'title': '高级讲师', 'name': '沈老师'}
2019-09-20 20:57:38 [a_mysprider.spiders.itcast] WARNING: --------------------
2019-09-20 20:57:38 [a_mysprider.spiders.itcast] WARNING: {'title': '高级讲师', 'name': '余老师'}
2019-09-20 20:57:38 [a_mysprider.spiders.itcast] WARNING: --------------------
2019-09-20 20:57:38 [a_mysprider.spiders.itcast] WARNING: {'title': '高级讲师', 'name': '王老师'}
2019-09-20 20:57:38 [a_mysprider.spiders.itcast] WARNING: --------------------
2019-09-20 20:57:38 [a_mysprider.spiders.itcast] WARNING: {'title': '高级讲师', 'name': '王老师'}
2019-09-20 20:57:38 [a_mysprider.spiders.itcast] WARNING: --------------------
2019-09-20 20:57:38 [a_mysprider.spiders.itcast] WARNING: {'title': '高级讲师', 'name': '龙老师'}
2019-09-20 20:57:38 [a_mysprider.spiders.itcast] WARNING: --------------------
2019-09-20 20:57:38 [a_mysprider.spiders.itcast] WARNING: {'title': '高级讲师', 'name': '侯老师'}
2019-09-20 20:57:38 [a_mysprider.spiders.itcast] WARNING: --------------------
2019-09-20 20:57:38 [a_mysprider.spiders.itcast] WARNING: {'title': '高级讲师', 'name': '王老师'}
2019-09-20 20:57:38 [a_mysprider.spiders.itcast] WARNING: --------------------
2019-09-20 20:57:38 [a_mysprider.spiders.itcast] WARNING: {'title': '高级讲师', 'name': '潘老师'}
2019-09-20 20:57:38 [a_mysprider.spiders.itcast] WARNING: --------------------
2019-09-20 20:57:38 [a_mysprider.spiders.itcast] WARNING: {'title': '高级讲师', 'name': '裴老师'}
2019-09-20 20:57:38 [a_mysprider.spiders.itcast] WARNING: --------------------
2019-09-20 20:57:38 [a_mysprider.spiders.itcast] WARNING: {'title': '高级讲师', 'name': '孙老师'}
2019-09-20 20:57:38 [a_mysprider.spiders.itcast] WARNING: --------------------
2019-09-20 20:57:38 [a_mysprider.spiders.itcast] WARNING: {'title': '高级讲师', 'name': '吴老师'}
2019-09-20 20:57:38 [a_mysprider.spiders.itcast] WARNING: --------------------
2019-09-20 20:57:38 [a_mysprider.spiders.itcast] WARNING: {'title': '高级讲师', 'name': '王老师'}
2019-09-20 20:57:38 [a_mysprider.spiders.itcast] WARNING: --------------------
2019-09-20 20:57:38 [a_mysprider.spiders.itcast] WARNING: {'title': '高级讲师', 'name': '殷老师'}
2019-09-20 20:57:38 [a_mysprider.spiders.itcast] WARNING: --------------------
2019-09-20 20:57:38 [a_mysprider.spiders.itcast] WARNING: {'title': '高级讲师', 'name': '高老师'}
2019-09-20 20:57:38 [a_mysprider.spiders.itcast] WARNING: --------------------
2019-09-20 20:57:38 [a_mysprider.spiders.itcast] WARNING: {'title': '高级讲师', 'name': '吴老师'}
2019-09-20 20:57:38 [a_mysprider.spiders.itcast] WARNING: --------------------
2019-09-20 20:57:38 [a_mysprider.spiders.itcast] WARNING: {'title': '高级讲师', 'name': '张老师'}
2019-09-20 20:57:38 [a_mysprider.spiders.itcast] WARNING: --------------------
2019-09-20 20:57:38 [a_mysprider.spiders.itcast] WARNING: {'title': '高级讲师', 'name': '崔老师'}
2019-09-20 20:57:38 [a_mysprider.spiders.itcast] WARNING: --------------------
2019-09-20 20:57:38 [a_mysprider.spiders.itcast] WARNING: {'title': '高级讲师', 'name': '梁老师'}
2019-09-20 20:57:38 [a_mysprider.spiders.itcast] WARNING: --------------------
2019-09-20 20:57:38 [a_mysprider.spiders.itcast] WARNING: {'title': '高级讲师', 'name': '王老师'}
2019-09-20 20:57:38 [a_mysprider.spiders.itcast] WARNING: --------------------
2019-09-20 20:57:38 [a_mysprider.spiders.itcast] WARNING: {'title': '高级讲师', 'name': '李老师'}
2019-09-20 20:57:38 [a_mysprider.spiders.itcast] WARNING: --------------------
2019-09-20 20:57:38 [a_mysprider.spiders.itcast] WARNING: {'title': '高级讲师', 'name': '张老师'}
2019-09-20 20:57:38 [a_mysprider.spiders.itcast] WARNING: --------------------
2019-09-20 20:57:38 [a_mysprider.spiders.itcast] WARNING: {'title': '高级讲师', 'name': '朱老师'}
2019-09-20 20:57:38 [a_mysprider.spiders.itcast] WARNING: --------------------
2019-09-20 20:57:38 [a_mysprider.spiders.itcast] WARNING: {'title': '高级讲师', 'name': '李老师'}
2019-09-20 20:57:38 [a_mysprider.spiders.itcast] WARNING: --------------------
2019-09-20 20:57:38 [a_mysprider.spiders.itcast] WARNING: {'title': '高级讲师', 'name': '李老师'}
2019-09-20 20:57:38 [a_mysprider.spiders.itcast] WARNING: --------------------
2019-09-20 20:57:38 [a_mysprider.spiders.itcast] WARNING: {'title': '高级讲师', 'name': '孙老师'}
2019-09-20 20:57:38 [a_mysprider.spiders.itcast] WARNING: --------------------
2019-09-20 20:57:38 [a_mysprider.spiders.itcast] WARNING: {'title': '高级讲师', 'name': '赵老师'}
2019-09-20 20:57:38 [a_mysprider.spiders.itcast] WARNING: --------------------
2019-09-20 20:57:38 [a_mysprider.spiders.itcast] WARNING: {'title': '高级讲师', 'name': '马老师'}
2019-09-20 20:57:38 [a_mysprider.spiders.itcast] WARNING: --------------------
2019-09-20 20:57:38 [a_mysprider.spiders.itcast] WARNING: {'title': '高级讲师', 'name': '康老师'}
2019-09-20 20:57:38 [a_mysprider.spiders.itcast] WARNING: --------------------
2019-09-20 20:57:38 [a_mysprider.spiders.itcast] WARNING: {'title': '高级讲师', 'name': '周老师'}
2019-09-20 20:57:38 [a_mysprider.spiders.itcast] WARNING: --------------------
2019-09-20 20:57:38 [a_mysprider.spiders.itcast] WARNING: {'title': '高级讲师', 'name': '汪老师'}
2019-09-20 20:57:38 [a_mysprider.spiders.itcast] WARNING: --------------------
2019-09-20 20:57:38 [a_mysprider.spiders.itcast] WARNING: {'title': '高级讲师', 'name': '赵老师'}
2019-09-20 20:57:38 [a_mysprider.spiders.itcast] WARNING: --------------------
2019-09-20 20:57:38 [a_mysprider.spiders.itcast] WARNING: {'title': '高级讲师', 'name': '韩老师'}
2019-09-20 20:57:38 [a_mysprider.spiders.itcast] WARNING: --------------------
2019-09-20 20:57:38 [a_mysprider.spiders.itcast] WARNING: {'title': '高级讲师', 'name': '杨老师'}
2019-09-20 20:57:38 [a_mysprider.spiders.itcast] WARNING: --------------------
2019-09-20 20:57:38 [a_mysprider.spiders.itcast] WARNING: {'title': '高级讲师', 'name': '汤老师'}
2019-09-20 20:57:38 [a_mysprider.spiders.itcast] WARNING: --------------------
2019-09-20 20:57:38 [a_mysprider.spiders.itcast] WARNING: {'title': '高级讲师', 'name': '李老师'}
2019-09-20 20:57:38 [a_mysprider.spiders.itcast] WARNING: --------------------
2019-09-20 20:57:38 [a_mysprider.spiders.itcast] WARNING: {'title': '高级讲师', 'name': '王老师'}
2019-09-20 20:57:38 [a_mysprider.spiders.itcast] WARNING: --------------------
2019-09-20 20:57:38 [a_mysprider.spiders.itcast] WARNING: {'title': '高级讲师', 'name': '吴老师'}
2019-09-20 20:57:38 [a_mysprider.spiders.itcast] WARNING: --------------------
2019-09-20 20:57:38 [a_mysprider.spiders.itcast] WARNING: {'title': '高级讲师', 'name': '张老师'}
2019-09-20 20:57:38 [a_mysprider.spiders.itcast] WARNING: --------------------
2019-09-20 20:57:38 [a_mysprider.spiders.itcast] WARNING: {'title': '高级讲师', 'name': '张老师'}
2019-09-20 20:57:38 [a_mysprider.spiders.itcast] WARNING: --------------------
2019-09-20 20:57:38 [a_mysprider.spiders.itcast] WARNING: {'title': '高级讲师', 'name': '刘老师'}
2019-09-20 20:57:38 [a_mysprider.spiders.itcast] WARNING: --------------------
2019-09-20 20:57:38 [a_mysprider.spiders.itcast] WARNING: {'title': '高级讲师', 'name': '孙老师'}
2019-09-20 20:57:38 [a_mysprider.spiders.itcast] WARNING: --------------------
2019-09-20 20:57:38 [a_mysprider.spiders.itcast] WARNING: {'title': '高级讲师', 'name': '李老师'}
2019-09-20 20:57:38 [a_mysprider.spiders.itcast] WARNING: --------------------
2019-09-20 20:57:38 [a_mysprider.spiders.itcast] WARNING: {'title': '高级讲师', 'name': '周老师'}
2019-09-20 20:57:38 [a_mysprider.spiders.itcast] WARNING: --------------------
2019-09-20 20:57:38 [a_mysprider.spiders.itcast] WARNING: {'title': '高级讲师', 'name': '王老师'}
2019-09-20 20:57:38 [a_mysprider.spiders.itcast] WARNING: --------------------
2019-09-20 20:57:38 [a_mysprider.spiders.itcast] WARNING: {'title': '高级讲师', 'name': '刘老师'}
2019-09-20 20:57:38 [a_mysprider.spiders.itcast] WARNING: --------------------
2019-09-20 20:57:38 [a_mysprider.spiders.itcast] WARNING: {'title': '高级讲师', 'name': '陈老师'}
2019-09-20 20:57:38 [a_mysprider.spiders.itcast] WARNING: --------------------
2019-09-20 20:57:38 [a_mysprider.spiders.itcast] WARNING: {'title': '高级讲师', 'name': ' 金老师'}
2019-09-20 20:57:38 [a_mysprider.spiders.itcast] WARNING: --------------------
2019-09-20 20:57:38 [a_mysprider.spiders.itcast] WARNING: {'title': '高级讲师', 'name': '邢老师'}
2019-09-20 20:57:38 [a_mysprider.spiders.itcast] WARNING: --------------------
2019-09-20 20:57:38 [a_mysprider.spiders.itcast] WARNING: {'title': '高级讲师', 'name': '王老师'}
2019-09-20 20:57:38 [a_mysprider.spiders.itcast] WARNING: --------------------
2019-09-20 20:57:38 [a_mysprider.spiders.itcast] WARNING: {'title': '高级讲师', 'name': '江老师'}
2019-09-20 20:57:38 [a_mysprider.spiders.itcast] WARNING: --------------------
2019-09-20 20:57:38 [a_mysprider.spiders.itcast] WARNING: {'title': '高级讲师', 'name': '谢老师'}
2019-09-20 20:57:38 [a_mysprider.spiders.itcast] WARNING: --------------------
2019-09-20 20:57:38 [a_mysprider.spiders.itcast] WARNING: {'title': '高级讲师', 'name': ' 惠老师'}
2019-09-20 20:57:38 [a_mysprider.spiders.itcast] WARNING: --------------------
2019-09-20 20:57:38 [a_mysprider.spiders.itcast] WARNING: {'title': '高级讲师', 'name': '刘老师'}
2019-09-20 20:57:38 [a_mysprider.spiders.itcast] WARNING: --------------------
2019-09-20 20:57:38 [a_mysprider.spiders.itcast] WARNING: {'title': '高级讲师', 'name': '尹老师'}
2019-09-20 20:57:38 [a_mysprider.spiders.itcast] WARNING: --------------------
2019-09-20 20:57:38 [a_mysprider.spiders.itcast] WARNING: {'title': '高级讲师', 'name': '孔老师'}
2019-09-20 20:57:38 [a_mysprider.spiders.itcast] WARNING: --------------------
2019-09-20 20:57:38 [a_mysprider.spiders.itcast] WARNING: {'title': '高级讲师', 'name': '赵老师'}
2019-09-20 20:57:38 [a_mysprider.spiders.itcast] WARNING: --------------------
2019-09-20 20:57:38 [a_mysprider.spiders.itcast] WARNING: {'title': '高级讲师', 'name': '张老师'}
2019-09-20 20:57:38 [a_mysprider.spiders.itcast] WARNING: --------------------
2019-09-20 20:57:38 [a_mysprider.spiders.itcast] WARNING: {'title': '高级讲师', 'name': '杜老师'}
2019-09-20 20:57:38 [a_mysprider.spiders.itcast] WARNING: --------------------
2019-09-20 20:57:38 [a_mysprider.spiders.itcast] WARNING: {'title': '高级讲师', 'name': '赵老师'}
2019-09-20 20:57:38 [a_mysprider.spiders.itcast] WARNING: --------------------
2019-09-20 20:57:38 [a_mysprider.spiders.itcast] WARNING: {'title': '高级讲师', 'name': '庄老师'}
2019-09-20 20:57:38 [a_mysprider.spiders.itcast] WARNING: --------------------
2019-09-20 20:57:38 [a_mysprider.spiders.itcast] WARNING: {'title': '高级讲师', 'name': '刘老师'}
2019-09-20 20:57:38 [a_mysprider.spiders.itcast] WARNING: --------------------
2019-09-20 20:57:38 [a_mysprider.spiders.itcast] WARNING: {'title': '高级讲师', 'name': '郭老师'}
2019-09-20 20:57:38 [a_mysprider.spiders.itcast] WARNING: --------------------
2019-09-20 20:57:38 [a_mysprider.spiders.itcast] WARNING: {'title': '高级讲师', 'name': '毛老师'}
2019-09-20 20:57:38 [a_mysprider.spiders.itcast] WARNING: --------------------
2019-09-20 20:57:38 [a_mysprider.spiders.itcast] WARNING: {'title': '高级讲师', 'name': '丁老师'}
2019-09-20 20:57:38 [a_mysprider.spiders.itcast] WARNING: --------------------
2019-09-20 20:57:38 [a_mysprider.spiders.itcast] WARNING: {'title': '高级讲师', 'name': '陈老师'}
2019-09-20 20:57:38 [a_mysprider.spiders.itcast] WARNING: --------------------
2019-09-20 20:57:38 [a_mysprider.spiders.itcast] WARNING: {'title': '高级讲师', 'name': '胡老师'}
2019-09-20 20:57:38 [a_mysprider.spiders.itcast] WARNING: --------------------
2019-09-20 20:57:38 [a_mysprider.spiders.itcast] WARNING: {'title': '高级讲师', 'name': '李老师'}
2019-09-20 20:57:38 [a_mysprider.spiders.itcast] WARNING: --------------------
2019-09-20 20:57:38 [a_mysprider.spiders.itcast] WARNING: {'title': '高级讲师', 'name': '刘老师'}
2019-09-20 20:57:38 [a_mysprider.spiders.itcast] WARNING: --------------------
2019-09-20 20:57:38 [a_mysprider.spiders.itcast] WARNING: {'title': '高级讲师', 'name': '杨老师'}
2019-09-20 20:57:38 [a_mysprider.spiders.itcast] WARNING: --------------------
2019-09-20 20:57:38 [a_mysprider.spiders.itcast] WARNING: {'title': '高级讲师', 'name': '张老师'}
2019-09-20 20:57:38 [a_mysprider.spiders.itcast] WARNING: --------------------
2019-09-20 20:57:38 [a_mysprider.spiders.itcast] WARNING: {'title': '高级讲师', 'name': '周老师'}
2019-09-20 20:57:38 [a_mysprider.spiders.itcast] WARNING: --------------------
2019-09-20 20:57:38 [a_mysprider.spiders.itcast] WARNING: {'title': '高级讲师', 'name': '彭老师'}
2019-09-20 20:57:38 [a_mysprider.spiders.itcast] WARNING: --------------------
2019-09-20 20:57:38 [a_mysprider.spiders.itcast] WARNING: {'title': '高级讲师', 'name': '王老师'}
2019-09-20 20:57:38 [a_mysprider.spiders.itcast] WARNING: --------------------
2019-09-20 20:57:38 [a_mysprider.spiders.itcast] WARNING: {'title': '高级讲师', 'name': '齐老师'}
2019-09-20 20:57:38 [a_mysprider.spiders.itcast] WARNING: --------------------
2019-09-20 20:57:38 [a_mysprider.spiders.itcast] WARNING: {'title': '高级讲师', 'name': '原老师'}
2019-09-20 20:57:38 [a_mysprider.spiders.itcast] WARNING: --------------------
2019-09-20 20:57:38 [a_mysprider.spiders.itcast] WARNING: {'title': '高级讲师', 'name': '吕老师'}
2019-09-20 20:57:38 [a_mysprider.spiders.itcast] WARNING: --------------------
2019-09-20 20:57:38 [a_mysprider.spiders.itcast] WARNING: {'title': '高级讲师', 'name': '秦老师'}
2019-09-20 20:57:38 [a_mysprider.spiders.itcast] WARNING: --------------------
2019-09-20 20:57:38 [a_mysprider.spiders.itcast] WARNING: {'title': '高级讲师', 'name': '陈老师'}
2019-09-20 20:57:38 [a_mysprider.spiders.itcast] WARNING: --------------------
2019-09-20 20:57:38 [a_mysprider.spiders.itcast] WARNING: {'title': '高级讲师', 'name': '江老师'}
2019-09-20 20:57:38 [a_mysprider.spiders.itcast] WARNING: --------------------
2019-09-20 20:57:38 [a_mysprider.spiders.itcast] WARNING: {'title': '高级讲师', 'name': '刘老师'}
2019-09-20 20:57:38 [a_mysprider.spiders.itcast] WARNING: --------------------
2019-09-20 20:57:38 [a_mysprider.spiders.itcast] WARNING: {'title': '高级讲师', 'name': '谢老师'}
2019-09-20 20:57:38 [a_mysprider.spiders.itcast] WARNING: --------------------
2019-09-20 20:57:38 [a_mysprider.spiders.itcast] WARNING: {'title': '高级讲师', 'name': '朱老师'}
2019-09-20 20:57:38 [a_mysprider.spiders.itcast] WARNING: --------------------
2019-09-20 20:57:38 [a_mysprider.spiders.itcast] WARNING: {'title': '高级讲师', 'name': '张老师'}
2019-09-20 20:57:38 [a_mysprider.spiders.itcast] WARNING: --------------------
2019-09-20 20:57:38 [a_mysprider.spiders.itcast] WARNING: {'title': '高级讲师', 'name': '盛老师'}
2019-09-20 20:57:38 [a_mysprider.spiders.itcast] WARNING: --------------------
2019-09-20 20:57:38 [a_mysprider.spiders.itcast] WARNING: {'title': '高级讲师', 'name': '范老师'}
2019-09-20 20:57:38 [a_mysprider.spiders.itcast] WARNING: --------------------
2019-09-20 20:57:38 [a_mysprider.spiders.itcast] WARNING: {'title': '高级讲师', 'name': '王老师'}
2019-09-20 20:57:38 [a_mysprider.spiders.itcast] WARNING: --------------------
2019-09-20 20:57:38 [a_mysprider.spiders.itcast] WARNING: {'title': '高级讲师', 'name': '沈老师'}
2019-09-20 20:57:38 [a_mysprider.spiders.itcast] WARNING: --------------------
2019-09-20 20:57:38 [a_mysprider.spiders.itcast] WARNING: {'title': '高级讲师', 'name': '何老师'}
2019-09-20 20:57:38 [a_mysprider.spiders.itcast] WARNING: --------------------
2019-09-20 20:57:38 [a_mysprider.spiders.itcast] WARNING: {'title': '高级讲师', 'name': '李老师'}
2019-09-20 20:57:38 [a_mysprider.spiders.itcast] WARNING: --------------------
2019-09-20 20:57:38 [a_mysprider.spiders.itcast] WARNING: {'title': '高级讲师', 'name': '梅老师'}
2019-09-20 20:57:38 [a_mysprider.spiders.itcast] WARNING: --------------------
2019-09-20 20:57:38 [a_mysprider.spiders.itcast] WARNING: {'title': '高级讲师', 'name': '姚老师'}
2019-09-20 20:57:38 [a_mysprider.spiders.itcast] WARNING: --------------------
2019-09-20 20:57:38 [a_mysprider.spiders.itcast] WARNING: {'title': '高级讲师', 'name': '陈老师'}
2019-09-20 20:57:38 [a_mysprider.spiders.itcast] WARNING: --------------------
2019-09-20 20:57:38 [a_mysprider.spiders.itcast] WARNING: {'title': '高级讲师', 'name': '许老师'}
2019-09-20 20:57:38 [a_mysprider.spiders.itcast] WARNING: --------------------
2019-09-20 20:57:38 [a_mysprider.spiders.itcast] WARNING: {'title': '高级讲师', 'name': '张老师'}
2019-09-20 20:57:38 [a_mysprider.spiders.itcast] WARNING: --------------------
2019-09-20 20:57:38 [a_mysprider.spiders.itcast] WARNING: {'title': '高级讲师', 'name': '李老师'}
2019-09-20 20:57:38 [a_mysprider.spiders.itcast] WARNING: --------------------
2019-09-20 20:57:38 [a_mysprider.spiders.itcast] WARNING: {'title': '高级讲师', 'name': '肖老师'}
2019-09-20 20:57:38 [a_mysprider.spiders.itcast] WARNING: --------------------
2019-09-20 20:57:38 [a_mysprider.spiders.itcast] WARNING: {'title': '高级讲师', 'name': '唐老师'}
2019-09-20 20:57:38 [a_mysprider.spiders.itcast] WARNING: --------------------
2019-09-20 20:57:38 [a_mysprider.spiders.itcast] WARNING: {'title': '高级讲师', 'name': '肖老师'}
2019-09-20 20:57:38 [a_mysprider.spiders.itcast] WARNING: --------------------
2019-09-20 20:57:38 [a_mysprider.spiders.itcast] WARNING: {'title': '高级讲师', 'name': '刘老师'}
2019-09-20 20:57:38 [a_mysprider.spiders.itcast] WARNING: --------------------
2019-09-20 20:57:38 [a_mysprider.spiders.itcast] WARNING: {'title': '高级讲师', 'name': '李老师'}
2019-09-20 20:57:38 [a_mysprider.spiders.itcast] WARNING: --------------------
2019-09-20 20:57:38 [a_mysprider.spiders.itcast] WARNING: {'title': '高级讲师', 'name': ' 许老师'}
2019-09-20 20:57:38 [a_mysprider.spiders.itcast] WARNING: --------------------
2019-09-20 20:57:38 [a_mysprider.spiders.itcast] WARNING: {'title': '高级讲师', 'name': '石老师'}
2019-09-20 20:57:38 [a_mysprider.spiders.itcast] WARNING: --------------------
2019-09-20 20:57:38 [a_mysprider.spiders.itcast] WARNING: {'title': '高级讲师', 'name': '刘老师'}
2019-09-20 20:57:38 [a_mysprider.spiders.itcast] WARNING: --------------------
2019-09-20 20:57:38 [a_mysprider.spiders.itcast] WARNING: {'title': '高级讲师', 'name': '恩老师'}
2019-09-20 20:57:38 [a_mysprider.spiders.itcast] WARNING: --------------------
2019-09-20 20:57:38 [a_mysprider.spiders.itcast] WARNING: {'title': '高级讲师', 'name': '赵老师'}
2019-09-20 20:57:38 [a_mysprider.spiders.itcast] WARNING: --------------------
2019-09-20 20:57:38 [a_mysprider.spiders.itcast] WARNING: {'title': '高级讲师', 'name': '庄老师'}
2019-09-20 20:57:38 [a_mysprider.spiders.itcast] WARNING: --------------------
2019-09-20 20:57:38 [a_mysprider.spiders.itcast] WARNING: {'title': '高级讲师', 'name': '查老师'}
2019-09-20 20:57:38 [a_mysprider.spiders.itcast] WARNING: --------------------
2019-09-20 20:57:38 [a_mysprider.spiders.itcast] WARNING: {'title': '高级讲师', 'name': '刘老师'}
2019-09-20 20:57:38 [a_mysprider.spiders.itcast] WARNING: --------------------
2019-09-20 20:57:38 [a_mysprider.spiders.itcast] WARNING: {'title': '高级讲师', 'name': '曲老师'}
2019-09-20 20:57:38 [a_mysprider.spiders.itcast] WARNING: --------------------
2019-09-20 20:57:38 [a_mysprider.spiders.itcast] WARNING: {'title': '高级讲师', 'name': '王老师'}
2019-09-20 20:57:38 [a_mysprider.spiders.itcast] WARNING: --------------------
2019-09-20 20:57:38 [a_mysprider.spiders.itcast] WARNING: {'title': '高级讲师', 'name': '张老师\t'}
2019-09-20 20:57:38 [a_mysprider.spiders.itcast] WARNING: --------------------
2019-09-20 20:57:38 [a_mysprider.spiders.itcast] WARNING: {'title': '高级讲师', 'name': '李老师'}
2019-09-20 20:57:38 [a_mysprider.spiders.itcast] WARNING: --------------------
2019-09-20 20:57:38 [a_mysprider.spiders.itcast] WARNING: {'title': '高级讲师', 'name': '李老师'}
2019-09-20 20:57:38 [a_mysprider.spiders.itcast] WARNING: --------------------
2019-09-20 20:57:38 [a_mysprider.spiders.itcast] WARNING: {'title': '高级讲师', 'name': '陈老师'}
2019-09-20 20:57:38 [a_mysprider.spiders.itcast] WARNING: --------------------
2019-09-20 20:57:38 [a_mysprider.spiders.itcast] WARNING: {'title': '高级讲师', 'name': '贺老师'}
2019-09-20 20:57:38 [a_mysprider.spiders.itcast] WARNING: --------------------
2019-09-20 20:57:38 [a_mysprider.spiders.itcast] WARNING: {'title': '高级讲师', 'name': '宋老师'}
2019-09-20 20:57:38 [a_mysprider.spiders.itcast] WARNING: --------------------
2019-09-20 20:57:38 [a_mysprider.spiders.itcast] WARNING: {'title': '高级讲师', 'name': '雷老师'}
2019-09-20 20:57:38 [a_mysprider.spiders.itcast] WARNING: --------------------
2019-09-20 20:57:38 [a_mysprider.spiders.itcast] WARNING: {'title': '高级讲师', 'name': '刘老师'}
2019-09-20 20:57:38 [a_mysprider.spiders.itcast] WARNING: --------------------
2019-09-20 20:57:38 [a_mysprider.spiders.itcast] WARNING: {'title': '高级讲师', 'name': '郭老师'}
2019-09-20 20:57:38 [a_mysprider.spiders.itcast] WARNING: --------------------
2019-09-20 20:57:38 [a_mysprider.spiders.itcast] WARNING: {'title': '高级讲师', 'name': '高老师'}
2019-09-20 20:57:38 [a_mysprider.spiders.itcast] WARNING: --------------------
2019-09-20 20:57:38 [a_mysprider.spiders.itcast] WARNING: {'title': '高级讲师', 'name': '谭老师'}
2019-09-20 20:57:38 [a_mysprider.spiders.itcast] WARNING: --------------------
2019-09-20 20:57:38 [a_mysprider.spiders.itcast] WARNING: {'title': '高级讲师', 'name': '廖老师'}
2019-09-20 20:57:38 [a_mysprider.spiders.itcast] WARNING: --------------------
2019-09-20 20:57:38 [a_mysprider.spiders.itcast] WARNING: {'title': '高级讲师', 'name': '王老师'}
2019-09-20 20:57:38 [a_mysprider.spiders.itcast] WARNING: --------------------
2019-09-20 20:57:38 [a_mysprider.spiders.itcast] WARNING: {'title': '高级讲师', 'name': '周老师'}
2019-09-20 20:57:38 [a_mysprider.spiders.itcast] WARNING: --------------------
2019-09-20 20:57:38 [a_mysprider.spiders.itcast] WARNING: {'title': '高级讲师', 'name': '杨老师'}
2019-09-20 20:57:38 [a_mysprider.spiders.itcast] WARNING: --------------------
2019-09-20 20:57:38 [a_mysprider.spiders.itcast] WARNING: {'title': '高级讲师', 'name': '王老师'}
2019-09-20 20:57:38 [a_mysprider.spiders.itcast] WARNING: --------------------
2019-09-20 20:57:38 [a_mysprider.spiders.itcast] WARNING: {'title': '高级讲师', 'name': '缪老师'}
2019-09-20 20:57:38 [a_mysprider.spiders.itcast] WARNING: --------------------
2019-09-20 20:57:38 [a_mysprider.spiders.itcast] WARNING: {'title': '高级讲师', 'name': '许老师'}
2019-09-20 20:57:38 [a_mysprider.spiders.itcast] WARNING: --------------------
2019-09-20 20:57:38 [a_mysprider.spiders.itcast] WARNING: {'title': '高级讲师', 'name': '金老师'}
2019-09-20 20:57:38 [a_mysprider.spiders.itcast] WARNING: --------------------
2019-09-20 20:57:38 [a_mysprider.spiders.itcast] WARNING: {'title': '高级讲师', 'name': '邓老师'}
2019-09-20 20:57:38 [a_mysprider.spiders.itcast] WARNING: --------------------
2019-09-20 20:57:38 [a_mysprider.spiders.itcast] WARNING: {'title': '高级讲师', 'name': '龚老师'}
2019-09-20 20:57:38 [a_mysprider.spiders.itcast] WARNING: --------------------
2019-09-20 20:57:38 [a_mysprider.spiders.itcast] WARNING: {'title': '高级讲师', 'name': '李老师'}
2019-09-20 20:57:38 [a_mysprider.spiders.itcast] WARNING: --------------------
2019-09-20 20:57:38 [a_mysprider.spiders.itcast] WARNING: {'title': '高级讲师', 'name': '方老师'}
2019-09-20 20:57:38 [a_mysprider.spiders.itcast] WARNING: --------------------
2019-09-20 20:57:38 [a_mysprider.spiders.itcast] WARNING: {'title': '高级讲师', 'name': '曾老师'}
2019-09-20 20:57:38 [a_mysprider.spiders.itcast] WARNING: --------------------
2019-09-20 20:57:38 [a_mysprider.spiders.itcast] WARNING: {'title': '高级讲师', 'name': '梁老师'}
2019-09-20 20:57:38 [a_mysprider.spiders.itcast] WARNING: --------------------
2019-09-20 20:57:38 [a_mysprider.spiders.itcast] WARNING: {'title': '高级讲师', 'name': '闫老师'}
2019-09-20 20:57:38 [a_mysprider.spiders.itcast] WARNING: --------------------
2019-09-20 20:57:38 [a_mysprider.spiders.itcast] WARNING: {'title': '高级讲师', 'name': '杨老师'}
2019-09-20 20:57:38 [a_mysprider.spiders.itcast] WARNING: --------------------
2019-09-20 20:57:38 [a_mysprider.spiders.itcast] WARNING: {'title': '高级讲师', 'name': '邓老师'}
2019-09-20 20:57:38 [a_mysprider.spiders.itcast] WARNING: --------------------
2019-09-20 20:57:38 [a_mysprider.spiders.itcast] WARNING: {'title': '高级讲师', 'name': '龚老师'}
2019-09-20 20:57:38 [a_mysprider.spiders.itcast] WARNING: --------------------
2019-09-20 20:57:38 [a_mysprider.spiders.itcast] WARNING: {'title': '高级讲师', 'name': '薛老师'}
2019-09-20 20:57:38 [a_mysprider.spiders.itcast] WARNING: --------------------
2019-09-20 20:57:38 [a_mysprider.spiders.itcast] WARNING: {'title': '高级讲师', 'name': '张老师'}
2019-09-20 20:57:38 [a_mysprider.spiders.itcast] WARNING: --------------------
2019-09-20 20:57:38 [a_mysprider.spiders.itcast] WARNING: {'title': '高级讲师', 'name': '丛老师'}
2019-09-20 20:57:38 [a_mysprider.spiders.itcast] WARNING: --------------------
2019-09-20 20:57:38 [a_mysprider.spiders.itcast] WARNING: {'title': '高级讲师', 'name': '李老师'}
2019-09-20 20:57:38 [a_mysprider.spiders.itcast] WARNING: --------------------
2019-09-20 20:57:38 [a_mysprider.spiders.itcast] WARNING: {'title': '高级讲师', 'name': '刘老师'}
2019-09-20 20:57:38 [a_mysprider.spiders.itcast] WARNING: --------------------
2019-09-20 20:57:38 [a_mysprider.spiders.itcast] WARNING: {'title': '高级讲师', 'name': '彭老师'}
2019-09-20 20:57:38 [a_mysprider.spiders.itcast] WARNING: --------------------
2019-09-20 20:57:38 [a_mysprider.spiders.itcast] WARNING: {'title': '高级讲师', 'name': '杨老师'}
2019-09-20 20:57:38 [a_mysprider.spiders.itcast] WARNING: --------------------
2019-09-20 20:57:38 [a_mysprider.spiders.itcast] WARNING: {'title': '高级讲师', 'name': '杨老师'}
2019-09-20 20:57:38 [a_mysprider.spiders.itcast] WARNING: --------------------
2019-09-20 20:57:38 [a_mysprider.spiders.itcast] WARNING: {'title': '高级讲师', 'name': '袁老师'}
2019-09-20 20:57:38 [a_mysprider.spiders.itcast] WARNING: --------------------
2019-09-20 20:57:38 [a_mysprider.spiders.itcast] WARNING: {'title': '高级讲师', 'name': '周老师'}
2019-09-20 20:57:38 [a_mysprider.spiders.itcast] WARNING: --------------------
2019-09-20 20:57:38 [a_mysprider.spiders.itcast] WARNING: {'title': '高级讲师', 'name': '张老师'}
2019-09-20 20:57:38 [a_mysprider.spiders.itcast] WARNING: --------------------
2019-09-20 20:57:38 [a_mysprider.spiders.itcast] WARNING: {'title': '高级讲师', 'name': '黄老师'}
2019-09-20 20:57:38 [a_mysprider.spiders.itcast] WARNING: --------------------
2019-09-20 20:57:38 [a_mysprider.spiders.itcast] WARNING: {'title': '高级讲师', 'name': '伍老师'}
2019-09-20 20:57:38 [a_mysprider.spiders.itcast] WARNING: --------------------
2019-09-20 20:57:38 [a_mysprider.spiders.itcast] WARNING: {'title': '高级讲师', 'name': '江老师'}
2019-09-20 20:57:38 [a_mysprider.spiders.itcast] WARNING: --------------------
2019-09-20 20:57:38 [a_mysprider.spiders.itcast] WARNING: {'title': '高级讲师', 'name': '段老师'}
2019-09-20 20:57:38 [a_mysprider.spiders.itcast] WARNING: --------------------
2019-09-20 20:57:38 [a_mysprider.spiders.itcast] WARNING: {'title': '高级讲师', 'name': '刘老师'}
2019-09-20 20:57:38 [a_mysprider.spiders.itcast] WARNING: --------------------
2019-09-20 20:57:38 [a_mysprider.spiders.itcast] WARNING: {'title': '高级讲师', 'name': '彭老师'}
2019-09-20 20:57:38 [a_mysprider.spiders.itcast] WARNING: --------------------
2019-09-20 20:57:38 [a_mysprider.spiders.itcast] WARNING: {'title': '高级讲师', 'name': '李老师'}
2019-09-20 20:57:38 [a_mysprider.spiders.itcast] WARNING: --------------------
2019-09-20 20:57:38 [a_mysprider.spiders.itcast] WARNING: {'title': '高级讲师', 'name': '苏老师'}
2019-09-20 20:57:38 [a_mysprider.spiders.itcast] WARNING: --------------------
2019-09-20 20:57:38 [a_mysprider.spiders.itcast] WARNING: {'title': '高级讲师', 'name': '王老师'}
2019-09-20 20:57:38 [a_mysprider.spiders.itcast] WARNING: --------------------
2019-09-20 20:57:38 [a_mysprider.spiders.itcast] WARNING: {'title': '高级讲师', 'name': '吴老师'}
2019-09-20 20:57:38 [a_mysprider.spiders.itcast] WARNING: --------------------
2019-09-20 20:57:38 [a_mysprider.spiders.itcast] WARNING: {'title': '高级讲师', 'name': '沈老师'}
2019-09-20 20:57:38 [a_mysprider.spiders.itcast] WARNING: --------------------
2019-09-20 20:57:38 [a_mysprider.spiders.itcast] WARNING: {'title': '高级讲师', 'name': '李老师'}
2019-09-20 20:57:38 [a_mysprider.spiders.itcast] WARNING: --------------------
2019-09-20 20:57:38 [a_mysprider.spiders.itcast] WARNING: {'title': '高级讲师', 'name': '周老师'}
2019-09-20 20:57:38 [a_mysprider.spiders.itcast] WARNING: --------------------
2019-09-20 20:57:38 [a_mysprider.spiders.itcast] WARNING: {'title': '高级讲师', 'name': '赵老师'}
2019-09-20 20:57:38 [a_mysprider.spiders.itcast] WARNING: --------------------
2019-09-20 20:57:38 [a_mysprider.spiders.itcast] WARNING: {'title': '高级讲师', 'name': '潘老师'}
2019-09-20 20:57:38 [a_mysprider.spiders.itcast] WARNING: --------------------
2019-09-20 20:57:38 [a_mysprider.spiders.itcast] WARNING: {'title': '高级讲师', 'name': '胡老师'}
2019-09-20 20:57:38 [a_mysprider.spiders.itcast] WARNING: --------------------
2019-09-20 20:57:38 [a_mysprider.spiders.itcast] WARNING: {'title': '高级讲师', 'name': '王老师'}
2019-09-20 20:57:38 [a_mysprider.spiders.itcast] WARNING: --------------------
2019-09-20 20:57:38 [a_mysprider.spiders.itcast] WARNING: {'title': '高级讲师', 'name': '肖老师'}
2019-09-20 20:57:38 [a_mysprider.spiders.itcast] WARNING: --------------------
2019-09-20 20:57:38 [a_mysprider.spiders.itcast] WARNING: {'title': '高级讲师', 'name': '信老师'}
2019-09-20 20:57:38 [a_mysprider.spiders.itcast] WARNING: --------------------
